
2023-09-21 20:42:59.212 INFO  Test Method has started.
2023-09-21 20:43:00.619 INFO  Test Method has finished.
2023-09-21 21:01:05.232 INFO  Test Method has started.
2023-09-21 21:01:06.709 INFO  Test Method has finished.
2023-09-21 21:14:35.492 INFO  Test Method has started.
2023-09-21 21:14:36.624 INFO  Test Method has finished.
2023-09-21 21:24:21.630 INFO  Test Method has started.
2023-09-21 21:24:57.169 INFO  Test Method has finished.
2023-09-21 21:28:25.776 INFO  Test Method has started.
2023-09-21 21:28:32.627 INFO  Test Method has finished.
2023-09-21 21:50:28.083 INFO  nullTest Method has started.
2023-09-21 21:50:46.205 INFO  nullTest Method has started.
2023-09-21 21:50:47.299 INFO  addToCartTest Method has finished.Passed
2023-09-21 21:53:18.210 INFO  Test Method has started.
2023-09-21 21:53:19.305 INFO  addToCart test method has finished. --> Passed
2024-03-12 21:41:44.731 INFO  Test Method has started.
2024-03-12 21:42:03.991 INFO  loginTest test method has finished. --> Failed
2024-03-12 22:10:03.692 INFO  Test Method has started.
2024-03-12 22:10:04.675 INFO  subscribeFunctionYes test method has finished. --> Passed
2024-03-12 22:10:04.678 INFO  Test Method has started.
2024-03-12 22:10:05.633 INFO  subscribeFunctionNo test method has finished. --> Passed
2024-03-12 22:10:05.634 INFO  Test Method has started.
2024-03-12 22:10:06.573 INFO  subscribeFunctionForBoth test method has finished. --> Passed
2024-03-12 22:29:30.463 INFO  Test Method has started.
2024-03-12 22:29:32.965 INFO  editAccount test method has finished. --> Passed
2024-03-19 23:54:13.297 INFO  Test Method has started.
2024-03-19 23:54:13.983 INFO  searchFunction test method has finished. --> Passed
2024-03-19 23:54:24.954 INFO  Test Method has started.
2024-03-19 23:54:25.595 INFO  searchFunction test method has finished. --> Passed
2024-03-20 00:26:27.821 INFO  Test Method has started.
2024-03-20 00:27:29.550 INFO  test1 test method has finished. --> Passed
2024-03-20 00:32:41.189 INFO  Test Method has started.
2024-03-20 00:32:41.932 INFO  searchFunction test method has finished. --> Passed
2024-03-20 00:32:41.933 INFO  Test Method has started.
2024-03-20 00:32:42.609 INFO  searchFunction test method has finished. --> Passed
2024-03-20 00:32:42.609 INFO  Test Method has started.
2024-03-20 00:32:43.342 INFO  searchFunction test method has finished. --> Passed
2024-03-20 00:44:52.043 INFO  Test Method has started.
2024-03-20 00:44:52.993 INFO  searchFunction test method has finished. --> Passed
2024-03-20 00:44:52.994 INFO  Test Method has started.
2024-03-20 00:44:53.696 INFO  searchFunction test method has finished. --> Passed
2024-03-20 00:44:53.698 INFO  Test Method has started.
2024-03-20 00:44:54.448 INFO  searchFunction test method has finished. --> Passed
2024-03-20 00:47:32.779 INFO  Test Method has started.
2024-03-20 00:47:32.951 INFO  menuValidation test method has finished. --> Passed
